<?xml version="1.0" encoding="UTF-8"?>
<!-- Generated by org.testng.reporters.JUnitReportReporter -->
<testsuite hostname="HDC3-L-5296TDX" name="IDC_DOW.Testing.SmokeTesting" tests="1" failures="0" timestamp="19 Mar 2018 05:07:06 GMT" time="23.534" errors="0">
  <testcase name="Dow_com_Homepage" time="23.534" classname="IDC_DOW.Testing.SmokeTesting"/>
</testsuite> <!-- IDC_DOW.Testing.SmokeTesting -->
